<?xml version="1.0" encoding="UTF-8"?>
<TestRun id="91e8cfc8-168b-44a9-a5b5-d7218f14f8df" name="RaSu@RASU-PC 2014-11-21 19:23:45" runUser="RaSu-PC\RaSu" xmlns="http://microsoft.com/schemas/VisualStudio/TeamTest/2010">
  <TestSettings name="Local" id="856d45aa-e491-4297-bccb-48209a0f6540">
    <Description>These are default test settings for a local test run.</Description>
    <Deployment enabled="false" runDeploymentRoot="RaSu_RASU-PC 2014-11-21 19_23_45">
      <DeploymentItem filename="D:\Rasu\Inventrace\InventraceDLogic\bin\Debug\InventraceDLogic.dll" />
      <DeploymentItem filename="D:\Rasu\Inventrace\InventraceConstant\bin\Debug\InventraceConstant.dll" />
      <DeploymentItem filename="D:\Rasu\Inventrace\InventraceBLogic\bin\Debug\InventraceBLogic.dll" />
    </Deployment>
    <Execution>
      <TestTypeSpecific />
      <AgentRule name="Execution Agents">
      </AgentRule>
    </Execution>
  </TestSettings>
  <Times creation="2014-11-21T19:23:45.1446973+05:30" queuing="2014-11-21T19:24:02.3896837+05:30" start="2014-11-21T19:24:02.6196968+05:30" finish="2014-11-21T19:27:20.8310339+05:30" />
  <ResultSummary outcome="Error">
    <Counters total="1" executed="1" error="0" failed="0" timeout="0" aborted="1" inconclusive="0" passedButRunAborted="0" notRunnable="0" notExecuted="0" disconnected="0" warning="0" passed="0" completed="0" inProgress="0" pending="0" />
    <RunInfos>
      <RunInfo computerName="RASU-PC" outcome="Error" timestamp="2014-11-21T19:27:20.7880314+05:30">
        <Text>Test host process exited unexpectedly.</Text>
      </RunInfo>
    </RunInfos>
  </ResultSummary>
  <TestDefinitions>
    <UnitTest name="SelectAllDepartments" storage="d:\rasu\inventrace\inventraceunittest\bin\debug\inventraceunittest.dll" id="bfb32b0c-945d-7b70-b9e9-b03493793613">
      <Execution id="50c477b2-c04d-4d25-b799-e2b72929a26a" />
      <TestMethod codeBase="D:/Rasu/Inventrace/InventraceUnitTest/bin/Debug/InventraceUnitTest.DLL" adapterTypeName="Microsoft.VisualStudio.TestTools.TestTypes.Unit.UnitTestAdapter, Microsoft.VisualStudio.QualityTools.Tips.UnitTest.Adapter, Version=10.0.0.0, Culture=neutral, PublicKeyToken=b03f5f7f11d50a3a" className="InventraceUnitTest.DepartmentUnitTest, InventraceUnitTest, Version=1.0.0.0, Culture=neutral, PublicKeyToken=null" name="SelectAllDepartments" />
    </UnitTest>
  </TestDefinitions>
  <TestLists>
    <TestList name="Results Not in a List" id="8c84fa94-04c1-424b-9868-57a2d4851a1d" />
    <TestList name="All Loaded Results" id="19431567-8539-422a-85d7-44ee4e166bda" />
  </TestLists>
  <TestEntries>
    <TestEntry testId="bfb32b0c-945d-7b70-b9e9-b03493793613" executionId="50c477b2-c04d-4d25-b799-e2b72929a26a" testListId="8c84fa94-04c1-424b-9868-57a2d4851a1d" />
  </TestEntries>
  <Results>
    <UnitTestResult executionId="50c477b2-c04d-4d25-b799-e2b72929a26a" testId="bfb32b0c-945d-7b70-b9e9-b03493793613" testName="SelectAllDepartments" computerName="RASU-PC" duration="00:03:17.9853242" startTime="2014-11-21T19:24:02.8457097+05:30" endTime="2014-11-21T19:27:20.8310339+05:30" testType="13cdc9d9-ddb5-4fa4-a97d-d965ccfc6d4b" outcome="Aborted" testListId="8c84fa94-04c1-424b-9868-57a2d4851a1d" relativeResultsDirectory="50c477b2-c04d-4d25-b799-e2b72929a26a">
    </UnitTestResult>
  </Results>
</TestRun>