<?xml version="1.0" encoding="UTF-8"?>
<TestRun id="001852fb-9a39-41cb-8c7c-6036831f27b4" name="vramalingam@SJMWKS82 2014-11-20 06:48:43" runUser="SJRT31\vramalingam" xmlns="http://microsoft.com/schemas/VisualStudio/TeamTest/2010">
  <TestSettings name="Local" id="856d45aa-e491-4297-bccb-48209a0f6540">
    <Description>These are default test settings for a local test run.</Description>
    <Deployment enabled="false" runDeploymentRoot="vramalingam_SJMWKS82 2014-11-20 06_48_43">
      <DeploymentItem filename="D:\Inventrace\InventraceDLogic\bin\Debug\InventraceDLogic.dll" />
      <DeploymentItem filename="D:\Inventrace\InventraceBLogic\bin\Debug\InventraceBLogic.dll" />
      <DeploymentItem filename="D:\Inventrace\InventraceConstant\bin\Debug\InventraceConstant.dll" />
    </Deployment>
    <Execution>
      <TestTypeSpecific />
      <AgentRule name="Execution Agents">
      </AgentRule>
    </Execution>
  </TestSettings>
  <Times creation="2014-11-20T06:48:43.2182761-05:00" queuing="2014-11-20T06:48:45.2323913-05:00" start="2014-11-20T06:48:45.4954063-05:00" finish="2014-11-20T06:49:42.0236396-05:00" />
  <ResultSummary outcome="Completed">
    <Counters total="1" executed="1" passed="1" error="0" failed="0" timeout="0" aborted="0" inconclusive="0" passedButRunAborted="0" notRunnable="0" notExecuted="0" disconnected="0" warning="0" completed="0" inProgress="0" pending="0" />
  </ResultSummary>
  <TestDefinitions>
    <UnitTest name="TestMethod1" storage="d:\inventrace\inventraceunittest\bin\debug\inventraceunittest.dll" id="c5fd2d80-bbcf-cbc5-48b9-bd03c00c3d61">
      <Execution id="f0a794de-69fe-4c97-acd7-7c552a0956a4" />
      <TestMethod codeBase="D:/Inventrace/InventraceUnitTest/bin/Debug/InventraceUnitTest.DLL" adapterTypeName="Microsoft.VisualStudio.TestTools.TestTypes.Unit.UnitTestAdapter, Microsoft.VisualStudio.QualityTools.Tips.UnitTest.Adapter, Version=10.0.0.0, Culture=neutral, PublicKeyToken=b03f5f7f11d50a3a" className="InventraceUnitTest.UnitTest1, InventraceUnitTest, Version=1.0.0.0, Culture=neutral, PublicKeyToken=null" name="TestMethod1" />
    </UnitTest>
  </TestDefinitions>
  <TestLists>
    <TestList name="Results Not in a List" id="8c84fa94-04c1-424b-9868-57a2d4851a1d" />
    <TestList name="All Loaded Results" id="19431567-8539-422a-85d7-44ee4e166bda" />
  </TestLists>
  <TestEntries>
    <TestEntry testId="c5fd2d80-bbcf-cbc5-48b9-bd03c00c3d61" executionId="f0a794de-69fe-4c97-acd7-7c552a0956a4" testListId="8c84fa94-04c1-424b-9868-57a2d4851a1d" />
  </TestEntries>
  <Results>
    <UnitTestResult executionId="f0a794de-69fe-4c97-acd7-7c552a0956a4" testId="c5fd2d80-bbcf-cbc5-48b9-bd03c00c3d61" testName="TestMethod1" computerName="SJMWKS82" duration="00:00:53.0312484" startTime="2014-11-20T06:48:45.8094243-05:00" endTime="2014-11-20T06:49:40.3655447-05:00" testType="13cdc9d9-ddb5-4fa4-a97d-d965ccfc6d4b" outcome="Passed" testListId="8c84fa94-04c1-424b-9868-57a2d4851a1d" relativeResultsDirectory="f0a794de-69fe-4c97-acd7-7c552a0956a4">
    </UnitTestResult>
  </Results>
</TestRun>